build/intermediates/manifest_merge_blame_file/debug/manifest-merger-blame-debug-report.txt
1<?xml version="1.0" encoding="utf-8"?>
2<manifest xmlns:android="http://schemas.android.com/apk/res/android"
3    package="com.deftech.takeshot"
4    android:versionCode="1"
5    android:versionName="2.1.18 (330)" >
6
7    <uses-sdk
8        android:minSdkVersion="21"
8-->src\main\AndroidManifest.xml
9        android:targetSdkVersion="30" />
9-->src\main\AndroidManifest.xml
10
11    <uses-permission android:name="android.permission.INTERNET" />
11-->src\main\AndroidManifest.xml:5:5-67
11-->src\main\AndroidManifest.xml:5:22-64
12    <uses-permission android:name="android.permission.ACCESS_FINE_LOCATION" />
12-->src\main\AndroidManifest.xml:6:5-79
12-->src\main\AndroidManifest.xml:6:22-76
13
14    <application
14-->src\main\AndroidManifest.xml:8:5-40:19
15        android:allowBackup="true"
15-->src\main\AndroidManifest.xml:9:9-35
16        android:appComponentFactory="androidx.core.app.CoreComponentFactory"
16-->[androidx.core:core:1.5.0] AndroidManifest.xml:24:18-86
17        android:debuggable="true"
18        android:icon="@mipmap/ic_launcher"
18-->src\main\AndroidManifest.xml:10:9-43
19        android:label="@string/app_name"
19-->src\main\AndroidManifest.xml:11:9-41
20        android:roundIcon="@mipmap/ic_launcher_round"
20-->src\main\AndroidManifest.xml:12:9-54
21        android:supportsRtl="true"
21-->src\main\AndroidManifest.xml:13:9-35
22        android:testOnly="true"
23        android:theme="@style/AppTheme" >
23-->src\main\AndroidManifest.xml:14:9-40
24        <activity android:name="com.deftech.takeshot.ProfileExpandedActivity" />
24-->src\main\AndroidManifest.xml:15:9-70
24-->src\main\AndroidManifest.xml:15:19-58
25        <activity android:name="com.deftech.takeshot.AddUserActivity" />
25-->src\main\AndroidManifest.xml:16:9-53
25-->src\main\AndroidManifest.xml:16:19-50
26        <activity android:name="com.deftech.takeshot.WebViewActivity" />
26-->src\main\AndroidManifest.xml:17:9-53
26-->src\main\AndroidManifest.xml:17:19-50
27        <activity
27-->src\main\AndroidManifest.xml:18:9-20:52
28            android:name="com.deftech.takeshot.SelectCentersActivity"
28-->src\main\AndroidManifest.xml:19:13-50
29            android:screenOrientation="portrait" />
29-->src\main\AndroidManifest.xml:20:13-49
30        <activity android:name="com.deftech.takeshot.AboutActivity" />
30-->src\main\AndroidManifest.xml:21:9-51
30-->src\main\AndroidManifest.xml:21:19-48
31        <activity
31-->src\main\AndroidManifest.xml:22:9-24:63
32            android:name="com.deftech.takeshot.SettingsActivity"
32-->src\main\AndroidManifest.xml:23:13-45
33            android:label="@string/title_activity_settings" />
33-->src\main\AndroidManifest.xml:24:13-60
34        <activity
34-->src\main\AndroidManifest.xml:25:9-27:52
35            android:name="com.deftech.takeshot.NewUserActivity"
35-->src\main\AndroidManifest.xml:26:13-44
36            android:screenOrientation="portrait" />
36-->src\main\AndroidManifest.xml:27:13-49
37        <activity
37-->src\main\AndroidManifest.xml:28:9-32:59
38            android:name="com.deftech.takeshot.TabbedActivity"
38-->src\main\AndroidManifest.xml:29:13-43
39            android:label="@string/title_activity_tabbed"
39-->src\main\AndroidManifest.xml:30:13-58
40            android:screenOrientation="portrait"
40-->src\main\AndroidManifest.xml:31:13-49
41            android:theme="@style/AppTheme.NoActionBar" />
41-->src\main\AndroidManifest.xml:32:13-56
42        <activity android:name="com.deftech.takeshot.MainActivity" >
42-->src\main\AndroidManifest.xml:33:9-39:20
42-->src\main\AndroidManifest.xml:33:19-47
43            <intent-filter>
43-->src\main\AndroidManifest.xml:34:13-38:29
44                <action android:name="android.intent.action.MAIN" />
44-->src\main\AndroidManifest.xml:35:17-69
44-->src\main\AndroidManifest.xml:35:25-66
45
46                <category android:name="android.intent.category.LAUNCHER" />
46-->src\main\AndroidManifest.xml:37:17-77
46-->src\main\AndroidManifest.xml:37:27-74
47            </intent-filter>
48        </activity>
49        <activity
49-->[com.google.android.gms:play-services-base:17.5.0] AndroidManifest.xml:23:9-26:75
50            android:name="com.google.android.gms.common.api.GoogleApiActivity"
50-->[com.google.android.gms:play-services-base:17.5.0] AndroidManifest.xml:24:13-79
51            android:exported="false"
51-->[com.google.android.gms:play-services-base:17.5.0] AndroidManifest.xml:25:13-37
52            android:theme="@android:style/Theme.Translucent.NoTitleBar" />
52-->[com.google.android.gms:play-services-base:17.5.0] AndroidManifest.xml:26:13-72
53
54        <meta-data
54-->[com.google.android.gms:play-services-basement:17.5.0] AndroidManifest.xml:23:9-25:69
55            android:name="com.google.android.gms.version"
55-->[com.google.android.gms:play-services-basement:17.5.0] AndroidManifest.xml:24:13-58
56            android:value="@integer/google_play_services_version" />
56-->[com.google.android.gms:play-services-basement:17.5.0] AndroidManifest.xml:25:13-66
57
58        <provider
58-->[androidx.lifecycle:lifecycle-process:2.2.0] AndroidManifest.xml:25:9-29:43
59            android:name="androidx.lifecycle.ProcessLifecycleOwnerInitializer"
59-->[androidx.lifecycle:lifecycle-process:2.2.0] AndroidManifest.xml:26:13-79
60            android:authorities="com.deftech.takeshot.lifecycle-process"
60-->[androidx.lifecycle:lifecycle-process:2.2.0] AndroidManifest.xml:27:13-69
61            android:exported="false"
61-->[androidx.lifecycle:lifecycle-process:2.2.0] AndroidManifest.xml:28:13-37
62            android:multiprocess="true" />
62-->[androidx.lifecycle:lifecycle-process:2.2.0] AndroidManifest.xml:29:13-40
63    </application>
64
65</manifest>